<?xml version="1.0" encoding="UTF-8"?>
<testsuite name="com.bloomtech.welcomeletter.MasteryTask_2_ClassDiagrams" tests="9" skipped="0" failures="0" errors="0" timestamp="2024-03-06T16:36:53" hostname="Dell-Latitude-3520" time="0.03">
  <properties/>
  <testcase name="servicesClassDiagram_containsMethods()" classname="com.bloomtech.welcomeletter.MasteryTask_2_ClassDiagrams" time="0.004"/>
  <testcase name="modelsClassDiagram_companyContainsFields()" classname="com.bloomtech.welcomeletter.MasteryTask_2_ClassDiagrams" time="0.002"/>
  <testcase name="modelsClassDiagram_employeeContainsFields()" classname="com.bloomtech.welcomeletter.MasteryTask_2_ClassDiagrams" time="0.002"/>
  <testcase name="[1] Role" classname="com.bloomtech.welcomeletter.MasteryTask_2_ClassDiagrams" time="0.001"/>
  <testcase name="[1] Employee" classname="com.bloomtech.welcomeletter.MasteryTask_2_ClassDiagrams" time="0.001"/>
  <testcase name="[2] Company" classname="com.bloomtech.welcomeletter.MasteryTask_2_ClassDiagrams" time="0.0"/>
  <testcase name="modelsClassDiagram_containsRelationshipEmployeeToRole()" classname="com.bloomtech.welcomeletter.MasteryTask_2_ClassDiagrams" time="0.003"/>
  <testcase name="modelsClassDiagram_containsRelationshipEmployeeToCompany()" classname="com.bloomtech.welcomeletter.MasteryTask_2_ClassDiagrams" time="0.002"/>
  <testcase name="servicesClassDiagram_containsRelationships()" classname="com.bloomtech.welcomeletter.MasteryTask_2_ClassDiagrams" time="0.008"/>
  <system-out><![CDATA[]]></system-out>
  <system-err><![CDATA[]]></system-err>
</testsuite>
