<?xml version="1.0" encoding="UTF-8"?>
<testsuite name="com.bloomtech.welcomeletter.MasteryTask_4_FileIO" tests="2" skipped="0" failures="0" errors="0" timestamp="2024-03-06T16:36:53" hostname="Dell-Latitude-3520" time="0.001">
  <properties/>
  <testcase name="testFileManager_writeToNewFile()" classname="com.bloomtech.welcomeletter.MasteryTask_4_FileIO" time="0.001"/>
  <testcase name="testFileManager_readExistingFile()" classname="com.bloomtech.welcomeletter.MasteryTask_4_FileIO" time="0.0"/>
  <system-out><![CDATA[Welcome letter saved to: src/resources/out/testFile.txt.txt.txt.txt
File contents:
The contents of a test file.

]]></system-out>
  <system-err><![CDATA[]]></system-err>
</testsuite>
